Flutter crash report.
Please report a bug at https://github.com/flutter/flutter/issues.

## command

flutter run -v

## exception

StateError: Bad state: No element

```
#0      List.first (dart:core-patch/growable_array.dart:343:5)
#1      _defaultReloadSourcesHelper.<anonymous closure> (package:flutter_tools/src/run_hot.dart:1133:61)
#2      _defaultReloadSourcesHelper.<anonymous closure> (package:flutter_tools/src/run_hot.dart:1130:7)
#3      _rootRunUnary (dart:async/zone.dart:1434:47)
#4      _CustomZone.runUnary (dart:async/zone.dart:1335:19)
<asynchronous suspension>
#5      Future.wait.<anonymous closure> (dart:async/future.dart:521:21)
<asynchronous suspension>
#6      _defaultReloadSourcesHelper (package:flutter_tools/src/run_hot.dart:1143:44)
<asynchronous suspension>
#7      HotRunner._reloadSources (package:flutter_tools/src/run_hot.dart:906:38)
<asynchronous suspension>
#8      HotRunner._hotReloadHelper (package:flutter_tools/src/run_hot.dart:818:16)
<asynchronous suspension>
#9      HotRunner.restart (package:flutter_tools/src/run_hot.dart:720:36)
<asynchronous suspension>
#10     TerminalHandler._commonTerminalInputHandler (package:flutter_tools/src/resident_runner.dart:1632:40)
<asynchronous suspension>
#11     TerminalHandler.processTerminalInput (package:flutter_tools/src/resident_runner.dart:1685:7)
<asynchronous suspension>
```

## flutter doctor

```
[✓] Flutter (Channel stable, 3.0.4, on Microsoft Windows [Version 10.0.19045.2728], locale en-US)
    • Flutter version 3.0.4 at D:\Flutter\flutter
    • Upstream repository https://github.com/flutter/flutter.git
    • Framework revision 85684f9300 (9 months ago), 2022-06-30 13:22:47 -0700
    • Engine revision 6ba2af10bb
    • Dart version 2.17.5
    • DevTools version 2.12.2

[✓] Android toolchain - develop for Android devices (Android SDK version 33.0.0)
    • Android SDK at C:\Users\User\AppData\Local\Android\sdk
    • Platform android-33, build-tools 33.0.0
    • Java binary at: D:\AndroidStudio\jre\bin\java
    • Java version OpenJDK Runtime Environment (build 11.0.15+0-b2043.56-8887301)
    • All Android licenses accepted.

[✓] Chrome - develop for the web
    • Chrome at C:\Program Files\Google\Chrome\Application\chrome.exe

[✗] Visual Studio - develop for Windows
    ✗ Visual Studio not installed; this is necessary for Windows development.
      Download at https://visualstudio.microsoft.com/downloads/.
      Please install the "Desktop development with C++" workload, including all of its default components

[✓] Android Studio (version 2022.1)
    • Android Studio at D:\AndroidStudio
    • Flutter plugin can be installed from:
      🔨 https://plugins.jetbrains.com/plugin/9212-flutter
    • Dart plugin can be installed from:
      🔨 https://plugins.jetbrains.com/plugin/6351-dart
    • Java version OpenJDK Runtime Environment (build 11.0.15+0-b2043.56-8887301)

[✓] VS Code (version 1.76.2)
    • VS Code at C:\Users\User\AppData\Local\Programs\Microsoft VS Code
    • Flutter extension version 3.60.0

[✓] Connected device (4 available)
    • SM A325F (mobile) • RZ8RB1FG6YK • android-arm64  • Android 13 (API 33)
    • Windows (desktop) • windows     • windows-x64    • Microsoft Windows [Version 10.0.19045.2728]
    • Chrome (web)      • chrome      • web-javascript • Google Chrome 111.0.5563.65
    • Edge (web)        • edge        • web-javascript • Microsoft Edge 110.0.1587.50

[✓] HTTP Host Availability
    • All required HTTP hosts are available

! Doctor found issues in 1 category.
```
